<?xml version="1.0" encoding="UTF-8"?>
<testng-results ignored="0" total="21" passed="21" failed="0" skipped="0">
  <reporter-output>
  </reporter-output>
  <suite started-at="2024-07-25T09:54:45 IST" name="Default suite" finished-at="2024-07-25T09:56:08 IST" duration-ms="83262">
    <groups>
    </groups>
    <test started-at="2024-07-25T09:54:45 IST" name="Default test" finished-at="2024-07-25T09:56:08 IST" duration-ms="83262">
      <class name="Com.EmailContentGenerator.EmailContent">
        <test-method is-config="true" signature="report()[pri:0, instance:Com.EmailContentGenerator.EmailContent@550dbc7a]" started-at="2024-07-25T09:54:45 IST" name="report" finished-at="2024-07-25T09:54:45 IST" duration-ms="104" status="PASS">
          <reporter-output>
          </reporter-output>
        </test-method> <!-- report -->
        <test-method is-config="true" signature="setup()[pri:0, instance:Com.EmailContentGenerator.EmailContent@550dbc7a]" started-at="2024-07-25T09:54:45 IST" name="setup" finished-at="2024-07-25T09:55:00 IST" duration-ms="15391" status="PASS">
          <reporter-output>
          </reporter-output>
        </test-method> <!-- setup -->
        <test-method signature="loginPage()[pri:1, instance:Com.EmailContentGenerator.EmailContent@550dbc7a]" started-at="2024-07-25T09:55:00 IST" name="loginPage" finished-at="2024-07-25T09:55:25 IST" duration-ms="24359" status="PASS">
          <reporter-output>
          </reporter-output>
        </test-method> <!-- loginPage -->
        <test-method signature="generator(java.lang.String,java.lang.String,java.lang.String,java.lang.String,java.lang.String,java.lang.String)[pri:2, instance:Com.EmailContentGenerator.EmailContent@550dbc7a]" started-at="2024-07-25T09:55:26 IST" name="generator" data-provider="a" finished-at="2024-07-25T09:56:03 IST" duration-ms="37262" status="PASS">
          <params>
            <param index="0">
              <value>
                <![CDATA[ankit.k@hashstudioz.com]]>
              </value>
            </param>
            <param index="1">
              <value>
                <![CDATA[]]>
              </value>
            </param>
            <param index="2">
              <value>
                <![CDATA[Ankit Mishra jii]]>
              </value>
            </param>
            <param index="3">
              <value>
                <![CDATA[test]]>
              </value>
            </param>
            <param index="4">
              <value>
                <![CDATA[Hello (First_Name),
I hope this message finds you well.

At HashStudioz, we specialize in IoT consulting and product development, offering tailored solutions to businesses like yours. With over 200 successful projects in the past 8 years, we excel in Product Engineering, IoT Hardware and Software Development, and provide off-the-shelf products like IoT Gateways, Data Loggers, and GPS Trackers. Our solutions cater to industries such as Manufacturing, Solar Plants, Agriculture, and Industrial Automation.
We also offer WasteTrack, our innovative platform designed to streamline waste management operations.

I believe our solutions could add significant value to your business. Would you be open to discussing how we can meet your specific needs? I'm available for a call at your convenience.

Looking forward to the opportunity to collaborate.]]>
              </value>
            </param>
            <param index="5">
              <value>
                <![CDATA[]]>
              </value>
            </param>
          </params>
          <reporter-output>
          </reporter-output>
        </test-method> <!-- generator -->
        <test-method signature="generator(java.lang.String,java.lang.String,java.lang.String,java.lang.String,java.lang.String,java.lang.String)[pri:2, instance:Com.EmailContentGenerator.EmailContent@550dbc7a]" started-at="2024-07-25T09:56:03 IST" name="generator" data-provider="a" finished-at="2024-07-25T09:56:03 IST" duration-ms="1" status="PASS">
          <params>
            <param index="0">
              <value>
                <![CDATA[ankit.k@hashstudioz.com]]>
              </value>
            </param>
            <param index="1">
              <value>
                <![CDATA[]]>
              </value>
            </param>
            <param index="2">
              <value>
                <![CDATA[mohit sharma]]>
              </value>
            </param>
            <param index="3">
              <value>
                <![CDATA[test]]>
              </value>
            </param>
            <param index="4">
              <value>
                <![CDATA[]]>
              </value>
            </param>
            <param index="5">
              <value>
                <![CDATA[]]>
              </value>
            </param>
          </params>
          <reporter-output>
          </reporter-output>
        </test-method> <!-- generator -->
        <test-method signature="generator(java.lang.String,java.lang.String,java.lang.String,java.lang.String,java.lang.String,java.lang.String)[pri:2, instance:Com.EmailContentGenerator.EmailContent@550dbc7a]" started-at="2024-07-25T09:56:03 IST" name="generator" data-provider="a" finished-at="2024-07-25T09:56:03 IST" duration-ms="1" status="PASS">
          <params>
            <param index="0">
              <value>
                <![CDATA[ankit.k@hashstudioz.com]]>
              </value>
            </param>
            <param index="1">
              <value>
                <![CDATA[]]>
              </value>
            </param>
            <param index="2">
              <value>
                <![CDATA[kamal]]>
              </value>
            </param>
            <param index="3">
              <value>
                <![CDATA[test]]>
              </value>
            </param>
            <param index="4">
              <value>
                <![CDATA[]]>
              </value>
            </param>
            <param index="5">
              <value>
                <![CDATA[]]>
              </value>
            </param>
          </params>
          <reporter-output>
          </reporter-output>
        </test-method> <!-- generator -->
        <test-method signature="generator(java.lang.String,java.lang.String,java.lang.String,java.lang.String,java.lang.String,java.lang.String)[pri:2, instance:Com.EmailContentGenerator.EmailContent@550dbc7a]" started-at="2024-07-25T09:56:03 IST" name="generator" data-provider="a" finished-at="2024-07-25T09:56:03 IST" duration-ms="1" status="PASS">
          <params>
            <param index="0">
              <value>
                <![CDATA[ankit.k@hashstudioz.com]]>
              </value>
            </param>
            <param index="1">
              <value>
                <![CDATA[]]>
              </value>
            </param>
            <param index="2">
              <value>
                <![CDATA[nikhil]]>
              </value>
            </param>
            <param index="3">
              <value>
                <![CDATA[test]]>
              </value>
            </param>
            <param index="4">
              <value>
                <![CDATA[]]>
              </value>
            </param>
            <param index="5">
              <value>
                <![CDATA[]]>
              </value>
            </param>
          </params>
          <reporter-output>
          </reporter-output>
        </test-method> <!-- generator -->
        <test-method signature="generator(java.lang.String,java.lang.String,java.lang.String,java.lang.String,java.lang.String,java.lang.String)[pri:2, instance:Com.EmailContentGenerator.EmailContent@550dbc7a]" started-at="2024-07-25T09:56:03 IST" name="generator" data-provider="a" finished-at="2024-07-25T09:56:03 IST" duration-ms="2" status="PASS">
          <params>
            <param index="0">
              <value>
                <![CDATA[ankit.k@hashstudioz.com]]>
              </value>
            </param>
            <param index="1">
              <value>
                <![CDATA[]]>
              </value>
            </param>
            <param index="2">
              <value>
                <![CDATA[rohit]]>
              </value>
            </param>
            <param index="3">
              <value>
                <![CDATA[test]]>
              </value>
            </param>
            <param index="4">
              <value>
                <![CDATA[]]>
              </value>
            </param>
            <param index="5">
              <value>
                <![CDATA[]]>
              </value>
            </param>
          </params>
          <reporter-output>
          </reporter-output>
        </test-method> <!-- generator -->
        <test-method signature="generator(java.lang.String,java.lang.String,java.lang.String,java.lang.String,java.lang.String,java.lang.String)[pri:2, instance:Com.EmailContentGenerator.EmailContent@550dbc7a]" started-at="2024-07-25T09:56:03 IST" name="generator" data-provider="a" finished-at="2024-07-25T09:56:03 IST" duration-ms="1" status="PASS">
          <params>
            <param index="0">
              <value>
                <![CDATA[ankit.k@hashstudioz.com]]>
              </value>
            </param>
            <param index="1">
              <value>
                <![CDATA[]]>
              </value>
            </param>
            <param index="2">
              <value>
                <![CDATA[ankit]]>
              </value>
            </param>
            <param index="3">
              <value>
                <![CDATA[test]]>
              </value>
            </param>
            <param index="4">
              <value>
                <![CDATA[]]>
              </value>
            </param>
            <param index="5">
              <value>
                <![CDATA[]]>
              </value>
            </param>
          </params>
          <reporter-output>
          </reporter-output>
        </test-method> <!-- generator -->
        <test-method signature="generator(java.lang.String,java.lang.String,java.lang.String,java.lang.String,java.lang.String,java.lang.String)[pri:2, instance:Com.EmailContentGenerator.EmailContent@550dbc7a]" started-at="2024-07-25T09:56:03 IST" name="generator" data-provider="a" finished-at="2024-07-25T09:56:03 IST" duration-ms="1" status="PASS">
          <params>
            <param index="0">
              <value>
                <![CDATA[ankit.k@hashstudioz.com]]>
              </value>
            </param>
            <param index="1">
              <value>
                <![CDATA[]]>
              </value>
            </param>
            <param index="2">
              <value>
                <![CDATA[ankit]]>
              </value>
            </param>
            <param index="3">
              <value>
                <![CDATA[test]]>
              </value>
            </param>
            <param index="4">
              <value>
                <![CDATA[]]>
              </value>
            </param>
            <param index="5">
              <value>
                <![CDATA[]]>
              </value>
            </param>
          </params>
          <reporter-output>
          </reporter-output>
        </test-method> <!-- generator -->
        <test-method signature="generator(java.lang.String,java.lang.String,java.lang.String,java.lang.String,java.lang.String,java.lang.String)[pri:2, instance:Com.EmailContentGenerator.EmailContent@550dbc7a]" started-at="2024-07-25T09:56:03 IST" name="generator" data-provider="a" finished-at="2024-07-25T09:56:03 IST" duration-ms="0" status="PASS">
          <params>
            <param index="0">
              <value>
                <![CDATA[ankit.k@hashstudioz.com]]>
              </value>
            </param>
            <param index="1">
              <value>
                <![CDATA[]]>
              </value>
            </param>
            <param index="2">
              <value>
                <![CDATA[ram]]>
              </value>
            </param>
            <param index="3">
              <value>
                <![CDATA[test]]>
              </value>
            </param>
            <param index="4">
              <value>
                <![CDATA[]]>
              </value>
            </param>
            <param index="5">
              <value>
                <![CDATA[]]>
              </value>
            </param>
          </params>
          <reporter-output>
          </reporter-output>
        </test-method> <!-- generator -->
        <test-method signature="generator(java.lang.String,java.lang.String,java.lang.String,java.lang.String,java.lang.String,java.lang.String)[pri:2, instance:Com.EmailContentGenerator.EmailContent@550dbc7a]" started-at="2024-07-25T09:56:03 IST" name="generator" data-provider="a" finished-at="2024-07-25T09:56:03 IST" duration-ms="2" status="PASS">
          <params>
            <param index="0">
              <value>
                <![CDATA[ankit.k@hashstudioz.com]]>
              </value>
            </param>
            <param index="1">
              <value>
                <![CDATA[]]>
              </value>
            </param>
            <param index="2">
              <value>
                <![CDATA[shyam]]>
              </value>
            </param>
            <param index="3">
              <value>
                <![CDATA[test]]>
              </value>
            </param>
            <param index="4">
              <value>
                <![CDATA[]]>
              </value>
            </param>
            <param index="5">
              <value>
                <![CDATA[]]>
              </value>
            </param>
          </params>
          <reporter-output>
          </reporter-output>
        </test-method> <!-- generator -->
        <test-method signature="generator(java.lang.String,java.lang.String,java.lang.String,java.lang.String,java.lang.String,java.lang.String)[pri:2, instance:Com.EmailContentGenerator.EmailContent@550dbc7a]" started-at="2024-07-25T09:56:03 IST" name="generator" data-provider="a" finished-at="2024-07-25T09:56:03 IST" duration-ms="3" status="PASS">
          <params>
            <param index="0">
              <value>
                <![CDATA[ankit.k@hashstudioz.com]]>
              </value>
            </param>
            <param index="1">
              <value>
                <![CDATA[]]>
              </value>
            </param>
            <param index="2">
              <value>
                <![CDATA[mayank]]>
              </value>
            </param>
            <param index="3">
              <value>
                <![CDATA[test]]>
              </value>
            </param>
            <param index="4">
              <value>
                <![CDATA[]]>
              </value>
            </param>
            <param index="5">
              <value>
                <![CDATA[]]>
              </value>
            </param>
          </params>
          <reporter-output>
          </reporter-output>
        </test-method> <!-- generator -->
        <test-method signature="generator(java.lang.String,java.lang.String,java.lang.String,java.lang.String,java.lang.String,java.lang.String)[pri:2, instance:Com.EmailContentGenerator.EmailContent@550dbc7a]" started-at="2024-07-25T09:56:03 IST" name="generator" data-provider="a" finished-at="2024-07-25T09:56:03 IST" duration-ms="2" status="PASS">
          <params>
            <param index="0">
              <value>
                <![CDATA[ankit.k@hashstudioz.com]]>
              </value>
            </param>
            <param index="1">
              <value>
                <![CDATA[]]>
              </value>
            </param>
            <param index="2">
              <value>
                <![CDATA[aryan]]>
              </value>
            </param>
            <param index="3">
              <value>
                <![CDATA[test]]>
              </value>
            </param>
            <param index="4">
              <value>
                <![CDATA[]]>
              </value>
            </param>
            <param index="5">
              <value>
                <![CDATA[]]>
              </value>
            </param>
          </params>
          <reporter-output>
          </reporter-output>
        </test-method> <!-- generator -->
        <test-method signature="generator(java.lang.String,java.lang.String,java.lang.String,java.lang.String,java.lang.String,java.lang.String)[pri:2, instance:Com.EmailContentGenerator.EmailContent@550dbc7a]" started-at="2024-07-25T09:56:03 IST" name="generator" data-provider="a" finished-at="2024-07-25T09:56:03 IST" duration-ms="2" status="PASS">
          <params>
            <param index="0">
              <value>
                <![CDATA[ankit.k@hashstudioz.com]]>
              </value>
            </param>
            <param index="1">
              <value>
                <![CDATA[]]>
              </value>
            </param>
            <param index="2">
              <value>
                <![CDATA[praksh]]>
              </value>
            </param>
            <param index="3">
              <value>
                <![CDATA[test]]>
              </value>
            </param>
            <param index="4">
              <value>
                <![CDATA[]]>
              </value>
            </param>
            <param index="5">
              <value>
                <![CDATA[]]>
              </value>
            </param>
          </params>
          <reporter-output>
          </reporter-output>
        </test-method> <!-- generator -->
        <test-method signature="generator(java.lang.String,java.lang.String,java.lang.String,java.lang.String,java.lang.String,java.lang.String)[pri:2, instance:Com.EmailContentGenerator.EmailContent@550dbc7a]" started-at="2024-07-25T09:56:03 IST" name="generator" data-provider="a" finished-at="2024-07-25T09:56:03 IST" duration-ms="0" status="PASS">
          <params>
            <param index="0">
              <value>
                <![CDATA[ankit.k@hashstudioz.com]]>
              </value>
            </param>
            <param index="1">
              <value>
                <![CDATA[]]>
              </value>
            </param>
            <param index="2">
              <value>
                <![CDATA[raushan]]>
              </value>
            </param>
            <param index="3">
              <value>
                <![CDATA[test]]>
              </value>
            </param>
            <param index="4">
              <value>
                <![CDATA[]]>
              </value>
            </param>
            <param index="5">
              <value>
                <![CDATA[]]>
              </value>
            </param>
          </params>
          <reporter-output>
          </reporter-output>
        </test-method> <!-- generator -->
        <test-method signature="generator(java.lang.String,java.lang.String,java.lang.String,java.lang.String,java.lang.String,java.lang.String)[pri:2, instance:Com.EmailContentGenerator.EmailContent@550dbc7a]" started-at="2024-07-25T09:56:03 IST" name="generator" data-provider="a" finished-at="2024-07-25T09:56:03 IST" duration-ms="0" status="PASS">
          <params>
            <param index="0">
              <value>
                <![CDATA[ankit.k@hashstudioz.com]]>
              </value>
            </param>
            <param index="1">
              <value>
                <![CDATA[]]>
              </value>
            </param>
            <param index="2">
              <value>
                <![CDATA[shyam]]>
              </value>
            </param>
            <param index="3">
              <value>
                <![CDATA[test]]>
              </value>
            </param>
            <param index="4">
              <value>
                <![CDATA[]]>
              </value>
            </param>
            <param index="5">
              <value>
                <![CDATA[]]>
              </value>
            </param>
          </params>
          <reporter-output>
          </reporter-output>
        </test-method> <!-- generator -->
        <test-method signature="generator(java.lang.String,java.lang.String,java.lang.String,java.lang.String,java.lang.String,java.lang.String)[pri:2, instance:Com.EmailContentGenerator.EmailContent@550dbc7a]" started-at="2024-07-25T09:56:03 IST" name="generator" data-provider="a" finished-at="2024-07-25T09:56:03 IST" duration-ms="1" status="PASS">
          <params>
            <param index="0">
              <value>
                <![CDATA[ankit.k@hashstudioz.com]]>
              </value>
            </param>
            <param index="1">
              <value>
                <![CDATA[]]>
              </value>
            </param>
            <param index="2">
              <value>
                <![CDATA[mayank]]>
              </value>
            </param>
            <param index="3">
              <value>
                <![CDATA[test]]>
              </value>
            </param>
            <param index="4">
              <value>
                <![CDATA[]]>
              </value>
            </param>
            <param index="5">
              <value>
                <![CDATA[]]>
              </value>
            </param>
          </params>
          <reporter-output>
          </reporter-output>
        </test-method> <!-- generator -->
        <test-method signature="generator(java.lang.String,java.lang.String,java.lang.String,java.lang.String,java.lang.String,java.lang.String)[pri:2, instance:Com.EmailContentGenerator.EmailContent@550dbc7a]" started-at="2024-07-25T09:56:03 IST" name="generator" data-provider="a" finished-at="2024-07-25T09:56:03 IST" duration-ms="0" status="PASS">
          <params>
            <param index="0">
              <value>
                <![CDATA[ankit.k@hashstudioz.com]]>
              </value>
            </param>
            <param index="1">
              <value>
                <![CDATA[]]>
              </value>
            </param>
            <param index="2">
              <value>
                <![CDATA[aryan]]>
              </value>
            </param>
            <param index="3">
              <value>
                <![CDATA[test]]>
              </value>
            </param>
            <param index="4">
              <value>
                <![CDATA[]]>
              </value>
            </param>
            <param index="5">
              <value>
                <![CDATA[]]>
              </value>
            </param>
          </params>
          <reporter-output>
          </reporter-output>
        </test-method> <!-- generator -->
        <test-method signature="generator(java.lang.String,java.lang.String,java.lang.String,java.lang.String,java.lang.String,java.lang.String)[pri:2, instance:Com.EmailContentGenerator.EmailContent@550dbc7a]" started-at="2024-07-25T09:56:03 IST" name="generator" data-provider="a" finished-at="2024-07-25T09:56:03 IST" duration-ms="1" status="PASS">
          <params>
            <param index="0">
              <value>
                <![CDATA[ankit.k@hashstudioz.com]]>
              </value>
            </param>
            <param index="1">
              <value>
                <![CDATA[]]>
              </value>
            </param>
            <param index="2">
              <value>
                <![CDATA[praksh]]>
              </value>
            </param>
            <param index="3">
              <value>
                <![CDATA[test]]>
              </value>
            </param>
            <param index="4">
              <value>
                <![CDATA[]]>
              </value>
            </param>
            <param index="5">
              <value>
                <![CDATA[]]>
              </value>
            </param>
          </params>
          <reporter-output>
          </reporter-output>
        </test-method> <!-- generator -->
        <test-method signature="generator(java.lang.String,java.lang.String,java.lang.String,java.lang.String,java.lang.String,java.lang.String)[pri:2, instance:Com.EmailContentGenerator.EmailContent@550dbc7a]" started-at="2024-07-25T09:56:03 IST" name="generator" data-provider="a" finished-at="2024-07-25T09:56:03 IST" duration-ms="0" status="PASS">
          <params>
            <param index="0">
              <value>
                <![CDATA[ankit.k@hashstudioz.com]]>
              </value>
            </param>
            <param index="1">
              <value>
                <![CDATA[]]>
              </value>
            </param>
            <param index="2">
              <value>
                <![CDATA[raushan]]>
              </value>
            </param>
            <param index="3">
              <value>
                <![CDATA[test]]>
              </value>
            </param>
            <param index="4">
              <value>
                <![CDATA[]]>
              </value>
            </param>
            <param index="5">
              <value>
                <![CDATA[]]>
              </value>
            </param>
          </params>
          <reporter-output>
          </reporter-output>
        </test-method> <!-- generator -->
        <test-method signature="generator(java.lang.String,java.lang.String,java.lang.String,java.lang.String,java.lang.String,java.lang.String)[pri:2, instance:Com.EmailContentGenerator.EmailContent@550dbc7a]" started-at="2024-07-25T09:56:03 IST" name="generator" data-provider="a" finished-at="2024-07-25T09:56:03 IST" duration-ms="0" status="PASS">
          <params>
            <param index="0">
              <value>
                <![CDATA[ankit.k@hashstudioz.com]]>
              </value>
            </param>
            <param index="1">
              <value>
                <![CDATA[]]>
              </value>
            </param>
            <param index="2">
              <value>
                <![CDATA[ankit]]>
              </value>
            </param>
            <param index="3">
              <value>
                <![CDATA[test]]>
              </value>
            </param>
            <param index="4">
              <value>
                <![CDATA[]]>
              </value>
            </param>
            <param index="5">
              <value>
                <![CDATA[]]>
              </value>
            </param>
          </params>
          <reporter-output>
          </reporter-output>
        </test-method> <!-- generator -->
        <test-method signature="replaceName()[pri:3, instance:Com.EmailContentGenerator.EmailContent@550dbc7a]" started-at="2024-07-25T09:56:03 IST" name="replaceName" finished-at="2024-07-25T09:56:03 IST" duration-ms="65" status="PASS">
          <reporter-output>
          </reporter-output>
        </test-method> <!-- replaceName -->
        <test-method is-config="true" signature="close()[pri:0, instance:Com.EmailContentGenerator.EmailContent@550dbc7a]" started-at="2024-07-25T09:56:03 IST" name="close" finished-at="2024-07-25T09:56:08 IST" duration-ms="5106" status="PASS">
          <reporter-output>
          </reporter-output>
        </test-method> <!-- close -->
        <test-method is-config="true" signature="teardown()[pri:0, instance:Com.EmailContentGenerator.EmailContent@550dbc7a]" started-at="2024-07-25T09:56:08 IST" name="teardown" finished-at="2024-07-25T09:56:08 IST" duration-ms="199" status="PASS">
          <reporter-output>
          </reporter-output>
        </test-method> <!-- teardown -->
      </class> <!-- Com.EmailContentGenerator.EmailContent -->
    </test> <!-- Default test -->
  </suite> <!-- Default suite -->
</testng-results>
